<?xml version="1.0" encoding="UTF-8"?>
<testsuite name="FindPowerTest" tests="4" skipped="0" failures="0" errors="0" timestamp="2024-04-19T05:23:27" hostname="HP" time="0.023">
  <properties/>
  <testcase name="Result should be 1 when any number is raised to 0" classname="FindPowerTest" time="0.015"/>
  <testcase name="Result should be 2 when 2 is raised to 1" classname="FindPowerTest" time="0.001"/>
  <testcase name="Result should be 4 when 2 is raised to 2" classname="FindPowerTest" time="0.002"/>
  <testcase name="Result should be 9 when 3 is raised to 2" classname="FindPowerTest" time="0.001"/>
  <system-out><![CDATA[]]></system-out>
  <system-err><![CDATA[]]></system-err>
</testsuite>
